<?xml version="1.0" encoding="UTF-8"?>
<testsuite name="com.visiontracker.challengeTrackerApplication.controllers.ProgramControllerTest" tests="5" skipped="0" failures="0" errors="0" timestamp="2021-05-28T15:42:41" hostname="LAPTOP-EG2T5PBF" time="0.528">
  <properties/>
  <testcase name="testProgramController01()" classname="com.visiontracker.challengeTrackerApplication.controllers.ProgramControllerTest" time="0.449"/>
  <testcase name="testProgramController02()" classname="com.visiontracker.challengeTrackerApplication.controllers.ProgramControllerTest" time="0.018"/>
  <testcase name="testProgramController03()" classname="com.visiontracker.challengeTrackerApplication.controllers.ProgramControllerTest" time="0.007"/>
  <testcase name="testProgramController04()" classname="com.visiontracker.challengeTrackerApplication.controllers.ProgramControllerTest" time="0.03"/>
  <testcase name="testProgramController05()" classname="com.visiontracker.challengeTrackerApplication.controllers.ProgramControllerTest" time="0.018"/>
  <system-out><![CDATA[23:42:32.069 [Test worker] DEBUG org.springframework.test.context.BootstrapUtils - Instantiating CacheAwareContextLoaderDelegate from class [org.springframework.test.context.cache.DefaultCacheAwareContextLoaderDelegate]
23:42:32.086 [Test worker] DEBUG org.springframework.test.context.BootstrapUtils - Instantiating BootstrapContext using constructor [public org.springframework.test.context.support.DefaultBootstrapContext(java.lang.Class,org.springframework.test.context.CacheAwareContextLoaderDelegate)]
23:42:32.160 [Test worker] DEBUG org.springframework.test.context.BootstrapUtils - Instantiating TestContextBootstrapper for test class [com.visiontracker.challengeTrackerApplication.controllers.ProgramControllerTest] from class [org.springframework.boot.test.context.SpringBootTestContextBootstrapper]
23:42:32.191 [Test worker] INFO org.springframework.boot.test.context.SpringBootTestContextBootstrapper - Neither @ContextConfiguration nor @ContextHierarchy found for test class [com.visiontracker.challengeTrackerApplication.controllers.ProgramControllerTest], using SpringBootContextLoader
23:42:32.207 [Test worker] DEBUG org.springframework.test.context.support.AbstractContextLoader - Did not detect default resource location for test class [com.visiontracker.challengeTrackerApplication.controllers.ProgramControllerTest]: class path resource [com/visiontracker/challengeTrackerApplication/controllers/ProgramControllerTest-context.xml] does not exist
23:42:32.210 [Test worker] DEBUG org.springframework.test.context.support.AbstractContextLoader - Did not detect default resource location for test class [com.visiontracker.challengeTrackerApplication.controllers.ProgramControllerTest]: class path resource [com/visiontracker/challengeTrackerApplication/controllers/ProgramControllerTestContext.groovy] does not exist
23:42:32.212 [Test worker] INFO org.springframework.test.context.support.AbstractContextLoader - Could not detect default resource locations for test class [com.visiontracker.challengeTrackerApplication.controllers.ProgramControllerTest]: no resource found for suffixes {-context.xml, Context.groovy}.
23:42:32.214 [Test worker] INFO org.springframework.test.context.support.AnnotationConfigContextLoaderUtils - Could not detect default configuration classes for test class [com.visiontracker.challengeTrackerApplication.controllers.ProgramControllerTest]: ProgramControllerTest does not declare any static, non-private, non-final, nested classes annotated with @Configuration.
23:42:32.388 [Test worker] DEBUG org.springframework.test.context.support.ActiveProfilesUtils - Could not find an 'annotation declaring class' for annotation type [org.springframework.test.context.ActiveProfiles] and class [com.visiontracker.challengeTrackerApplication.controllers.ProgramControllerTest]
23:42:32.525 [Test worker] DEBUG org.springframework.context.annotation.ClassPathScanningCandidateComponentProvider - Identified candidate component class: file [C:\Users\sthit\IdeaProjects\visiontracker\build\classes\java\main\com\visiontracker\challengeTrackerApplication\ChallengeTrackerApplication.class]
23:42:32.525 [Test worker] INFO org.springframework.boot.test.context.SpringBootTestContextBootstrapper - Found @SpringBootConfiguration com.visiontracker.challengeTrackerApplication.ChallengeTrackerApplication for test class com.visiontracker.challengeTrackerApplication.controllers.ProgramControllerTest
23:42:32.697 [Test worker] DEBUG org.springframework.boot.test.context.SpringBootTestContextBootstrapper - @TestExecutionListeners is not present for class [com.visiontracker.challengeTrackerApplication.controllers.ProgramControllerTest]: using defaults.
23:42:32.697 [Test worker] INFO org.springframework.boot.test.context.SpringBootTestContextBootstrapper - Loaded default TestExecutionListener class names from location [META-INF/spring.factories]: [org.springframework.boot.test.autoconfigure.restdocs.RestDocsTestExecutionListener, org.springframework.boot.test.autoconfigure.web.client.MockRestServiceServerResetTestExecutionListener, org.springframework.boot.test.autoconfigure.web.servlet.MockMvcPrintOnlyOnFailureTestExecutionListener, org.springframework.boot.test.autoconfigure.web.servlet.WebDriverTestExecutionListener, org.springframework.boot.test.autoconfigure.webservices.client.MockWebServiceServerTestExecutionListener, org.springframework.boot.test.mock.mockito.MockitoTestExecutionListener, org.springframework.boot.test.mock.mockito.ResetMocksTestExecutionListener, org.springframework.test.context.web.ServletTestExecutionListener, org.springframework.test.context.support.DirtiesContextBeforeModesTestExecutionListener, org.springframework.test.context.event.ApplicationEventsTestExecutionListener, org.springframework.test.context.support.DependencyInjectionTestExecutionListener, org.springframework.test.context.support.DirtiesContextTestExecutionListener, org.springframework.test.context.transaction.TransactionalTestExecutionListener, org.springframework.test.context.jdbc.SqlScriptsTestExecutionListener, org.springframework.test.context.event.EventPublishingTestExecutionListener]
23:42:32.732 [Test worker] INFO org.springframework.boot.test.context.SpringBootTestContextBootstrapper - Using TestExecutionListeners: [org.springframework.test.context.web.ServletTestExecutionListener@1011d4af, org.springframework.test.context.support.DirtiesContextBeforeModesTestExecutionListener@5bbe8fd1, org.springframework.test.context.event.ApplicationEventsTestExecutionListener@651bae0e, org.springframework.boot.test.mock.mockito.MockitoTestExecutionListener@2f00b1dd, org.springframework.boot.test.autoconfigure.SpringBootDependencyInjectionTestExecutionListener@312aac3e, org.springframework.test.context.support.DirtiesContextTestExecutionListener@1ec57dcd, org.springframework.test.context.transaction.TransactionalTestExecutionListener@2696dbc5, org.springframework.test.context.jdbc.SqlScriptsTestExecutionListener@c321893, org.springframework.test.context.event.EventPublishingTestExecutionListener@689d1e77, org.springframework.boot.test.autoconfigure.restdocs.RestDocsTestExecutionListener@5d032dbc, org.springframework.boot.test.autoconfigure.web.client.MockRestServiceServerResetTestExecutionListener@4d5b8d2a, org.springframework.boot.test.autoconfigure.web.servlet.MockMvcPrintOnlyOnFailureTestExecutionListener@51b1e292, org.springframework.boot.test.autoconfigure.web.servlet.WebDriverTestExecutionListener@515f3075, org.springframework.boot.test.autoconfigure.webservices.client.MockWebServiceServerTestExecutionListener@15f5992f, org.springframework.boot.test.mock.mockito.ResetMocksTestExecutionListener@4d66466]
23:42:32.740 [Test worker] DEBUG org.springframework.test.context.support.AbstractDirtiesContextTestExecutionListener - Before test class: context [DefaultTestContext@354c4f0c testClass = ProgramControllerTest, testInstance = [null], testMethod = [null], testException = [null], mergedContextConfiguration = [WebMergedContextConfiguration@5f7a305f testClass = ProgramControllerTest, locations = '{}', classes = '{class com.visiontracker.challengeTrackerApplication.ChallengeTrackerApplication}', contextInitializerClasses = '[]', activeProfiles = '{}', propertySourceLocations = '{}', propertySourceProperties = '{org.springframework.boot.test.context.SpringBootTestContextBootstrapper=true}', contextCustomizers = set[org.springframework.boot.test.autoconfigure.actuate.metrics.MetricsExportContextCustomizerFactory$DisableMetricExportContextCustomizer@1c26e068, org.springframework.boot.test.autoconfigure.properties.PropertyMappingContextCustomizer@4b3fa0b3, org.springframework.boot.test.autoconfigure.web.servlet.WebDriverContextCustomizerFactory$Customizer@105864d0, [ImportsContextCustomizer@5f37fc key = [org.springframework.boot.test.autoconfigure.web.servlet.MockMvcAutoConfiguration, org.springframework.boot.test.autoconfigure.web.servlet.MockMvcWebClientAutoConfiguration, org.springframework.boot.test.autoconfigure.web.servlet.MockMvcWebDriverAutoConfiguration, org.springframework.boot.autoconfigure.security.oauth2.client.servlet.OAuth2ClientAutoConfiguration, org.springframework.boot.autoconfigure.security.oauth2.resource.servlet.OAuth2ResourceServerAutoConfiguration, org.springframework.boot.autoconfigure.security.servlet.SecurityAutoConfiguration, org.springframework.boot.autoconfigure.security.servlet.SecurityFilterAutoConfiguration, org.springframework.boot.autoconfigure.security.servlet.UserDetailsServiceAutoConfiguration, org.springframework.boot.test.autoconfigure.web.servlet.MockMvcSecurityConfiguration]], org.springframework.boot.test.context.filter.ExcludeFilterContextCustomizer@1d6a07fb, org.springframework.boot.test.json.DuplicateJsonObjectContextCustomizerFactory$DuplicateJsonObjectContextCustomizer@3f43c43e, org.springframework.boot.test.mock.mockito.MockitoContextCustomizer@22267d6f, org.springframework.boot.test.web.client.TestRestTemplateContextCustomizer@3fa6bcee, org.springframework.boot.test.context.SpringBootTestArgs@1, org.springframework.boot.test.context.SpringBootTestWebEnvironment@722c6898], resourceBasePath = 'src/main/webapp', contextLoader = 'org.springframework.boot.test.context.SpringBootContextLoader', parent = [null]], attributes = map['org.springframework.test.context.web.ServletTestExecutionListener.activateListener' -> true]], class annotated with @DirtiesContext [false] with mode [null].
23:42:32.850 [Test worker] DEBUG org.springframework.test.context.support.TestPropertySourceUtils - Adding inlined properties to environment: {spring.jmx.enabled=false, org.springframework.boot.test.context.SpringBootTestContextBootstrapper=true}

  .   ____          _            __ _ _
 /\\ / ___'_ __ _ _(_)_ __  __ _ \ \ \ \
( ( )\___ | '_ | '_| | '_ \/ _` | \ \ \ \
 \\/  ___)| |_)| | | | | || (_| |  ) ) ) )
  '  |____| .__|_| |_|_| |_\__, | / / / /
 =========|_|==============|___/=/_/_/_/
 :: Spring Boot ::                (v2.5.0)

2021-05-28 23:42:33.480  INFO 29916 --- [    Test worker] c.v.c.controllers.ProgramControllerTest  : Starting ProgramControllerTest using Java 1.8.0_281 on LAPTOP-EG2T5PBF with PID 29916 (started by sthit in C:\Users\sthit\IdeaProjects\visiontracker)
2021-05-28 23:42:33.480  INFO 29916 --- [    Test worker] c.v.c.controllers.ProgramControllerTest  : No active profile set, falling back to default profiles: default
2021-05-28 23:42:34.528  INFO 29916 --- [    Test worker] .s.d.r.c.RepositoryConfigurationDelegate : Bootstrapping Spring Data JPA repositories in DEFAULT mode.
2021-05-28 23:42:34.617  INFO 29916 --- [    Test worker] .s.d.r.c.RepositoryConfigurationDelegate : Finished Spring Data repository scanning in 75 ms. Found 3 JPA repository interfaces.
2021-05-28 23:42:36.219  INFO 29916 --- [    Test worker] o.hibernate.jpa.internal.util.LogHelper  : HHH000204: Processing PersistenceUnitInfo [name: default]
2021-05-28 23:42:36.319  INFO 29916 --- [    Test worker] org.hibernate.Version                    : HHH000412: Hibernate ORM core version 5.4.31.Final
2021-05-28 23:42:36.401  INFO 29916 --- [    Test worker] o.hibernate.annotations.common.Version   : HCANN000001: Hibernate Commons Annotations {5.1.2.Final}
2021-05-28 23:42:36.587  INFO 29916 --- [    Test worker] com.zaxxer.hikari.HikariDataSource       : HikariPool-1 - Starting...
2021-05-28 23:42:36.595  WARN 29916 --- [    Test worker] com.zaxxer.hikari.util.DriverDataSource  : Registered driver with driverClassName=com.mysql.jdbc.Driver was not found, trying direct instantiation.
2021-05-28 23:42:37.357  INFO 29916 --- [    Test worker] com.zaxxer.hikari.HikariDataSource       : HikariPool-1 - Start completed.
2021-05-28 23:42:37.400  INFO 29916 --- [    Test worker] org.hibernate.dialect.Dialect            : HHH000400: Using dialect: org.hibernate.dialect.MySQL5Dialect
2021-05-28 23:42:38.880  INFO 29916 --- [    Test worker] o.h.e.t.j.p.i.JtaPlatformInitiator       : HHH000490: Using JtaPlatform implementation: [org.hibernate.engine.transaction.jta.platform.internal.NoJtaPlatform]
2021-05-28 23:42:38.900  INFO 29916 --- [    Test worker] j.LocalContainerEntityManagerFactoryBean : Initialized JPA EntityManagerFactory for persistence unit 'default'
2021-05-28 23:42:40.172  WARN 29916 --- [    Test worker] JpaBaseConfiguration$JpaWebConfiguration : spring.jpa.open-in-view is enabled by default. Therefore, database queries may be performed during view rendering. Explicitly configure spring.jpa.open-in-view to disable this warning
2021-05-28 23:42:41.248  INFO 29916 --- [    Test worker] o.s.b.t.m.w.SpringBootMockServletContext : Initializing Spring TestDispatcherServlet ''
2021-05-28 23:42:41.248  INFO 29916 --- [    Test worker] o.s.t.web.servlet.TestDispatcherServlet  : Initializing Servlet ''
2021-05-28 23:42:41.248  INFO 29916 --- [    Test worker] o.s.t.web.servlet.TestDispatcherServlet  : Completed initialization in 0 ms
2021-05-28 23:42:41.274  INFO 29916 --- [    Test worker] c.v.c.controllers.ProgramControllerTest  : Started ProgramControllerTest in 8.408 seconds (JVM running for 11.037)
2021-05-28 23:42:41.274  INFO 29916 --- [    Test worker] o.s.b.a.ApplicationAvailabilityBean      : Application availability state LivenessState changed to CORRECT
2021-05-28 23:42:41.274  INFO 29916 --- [    Test worker] o.s.b.a.ApplicationAvailabilityBean      : Application availability state ReadinessState changed to ACCEPTING_TRAFFIC
In createProgram RESTful Web Service
entity.Program[ programId=null, Program Title: Sample Title ]
{"program":{"title":"Sample Title","description":"Sample Description","startDate":"2021-05-11T16:00:00.000+00:00","targetCompletionDate":"2021-05-16T16:00:00.000+00:00","userList":[],"milestoneList":[]},"userId":1,"userIds":[1],"startDate":"12-05-2021","targetCompletionDate":"17-05-2021"}
{"program":{"title":"Sample Title","description":"Sample Description","startDate":"2021-05-11T16:00:00.000+00:00","targetCompletionDate":"2021-05-16T16:00:00.000+00:00","userList":[],"milestoneList":[]},"userIds":[1],"startDate":"12-05-2021","targetCompletionDate":"17-05-2021"}
Program must be assigned to a program manager
2021-05-28 23:42:41.808  INFO 29916 --- [    Test worker] o.h.c.i.AbstractPersistentCollection     : HHH000496: Detaching an uninitialized collection with queued operations from a session: [com.visiontracker.challengeTrackerApplication.models.db.User.enrolledPrograms#1]
2021-05-28 23:42:41.808  INFO 29916 --- [    Test worker] o.h.c.i.AbstractPersistentCollection     : HHH000496: Detaching an uninitialized collection with queued operations from a session: [com.visiontracker.challengeTrackerApplication.models.db.User.milestoneList#1]
2021-05-28 23:42:41.808  INFO 29916 --- [    Test worker] o.h.c.i.AbstractPersistentCollection     : HHH000496: Detaching an uninitialized collection with queued operations from a session: [com.visiontracker.challengeTrackerApplication.models.db.User.milestonesCreated#1]
2021-05-28 23:42:41.808  INFO 29916 --- [    Test worker] o.h.c.i.AbstractPersistentCollection     : HHH000496: Detaching an uninitialized collection with queued operations from a session: [com.visiontracker.challengeTrackerApplication.models.db.User.programsManaging#1]
]]></system-out>
  <system-err><![CDATA[Loading class `com.mysql.jdbc.Driver'. This is deprecated. The new driver class is `com.mysql.cj.jdbc.Driver'. The driver is automatically registered via the SPI and manual loading of the driver class is generally unnecessary.
]]></system-err>
</testsuite>
